<?xml version="1.0" encoding="UTF-8"?>
<!-- Generated by org.testng.reporters.JUnitReportReporter -->
<testsuite hostname="CILT49" failures="0" tests="1" name="testCases.TC002_LoginTest" time="1.665" errors="0" timestamp="2025-03-12T18:10:03 IST" skipped="0">
  <testcase classname="testCases.TC002_LoginTest" name="verify_Login" time="1.665"/>
</testsuite> <!-- testCases.TC002_LoginTest -->
