<?xml version="1.0" encoding="UTF-8"?>
<!-- Generated by org.testng.reporters.JUnitReportReporter -->
<testsuite hostname="CILT49" failures="0" tests="2" name="testCases.TC001_AccountRegisterTest" time="6.766" errors="0" timestamp="2025-03-12T18:05:36 IST" skipped="0">
  <testcase classname="testCases.TC001_AccountRegisterTest" name="verify_accout_registration" time="3.093"/>
  <testcase classname="testCases.TC001_AccountRegisterTest" name="verify_accout_registration" time="3.673"/>
</testsuite> <!-- testCases.TC001_AccountRegisterTest -->
