<?xml version="1.0" encoding="UTF-8"?>
<!-- Generated by org.testng.reporters.JUnitReportReporter -->
<testsuite hostname="CILT49" failures="0" tests="1" name="testCases.TC002_LoginTest" time="3.245" errors="0" timestamp="2025-03-14T10:46:30 IST" skipped="0">
  <testcase classname="testCases.TC002_LoginTest" name="verify_Login" time="3.245"/>
</testsuite> <!-- testCases.TC002_LoginTest -->
